Base path: C:/Program Files/Unity/Editor/Data
Cmd: getPlatforms
Cmd: compileSnippet
  api=8 type=1 insize=995 outsize=410 kw= pd=UNITY_NO_LINEAR_COLORSPACE UNITY_ENABLE_REFLECTION_BUFFERS UNITY_PBS_USE_BRDF1 UNITY_SPECCUBE_BOX_PROJECTION UNITY_SPECCUBE_BLENDING SHADER_API_MOBILE ok=1
Cmd: disassembleShader
  api=14 insize=410 outsize=1290 ok=1
Cmd: compileSnippet
  api=4 type=0 insize=7400 outsize=2878 kw=DIRECTIONAL LIGHTMAP_OFF DYNAMICLIGHTMAP_OFF VERTEXLIGHT_ON pd=UNITY_ENABLE_REFLECTION_BUFFERS UNITY_PBS_USE_BRDF1 UNITY_SPECCUBE_BOX_PROJECTION UNITY_SPECCUBE_BLENDING ok=1
Cmd: disassembleShader
  api=15 insize=2878 outsize=4596 ok=1
Cmd: compileSnippet
  api=8 type=0 insize=7400 outsize=4446 kw=DIRECTIONAL SHADOWS_SCREEN LIGHTMAP_OFF DYNAMICLIGHTMAP_OFF VERTEXLIGHT_ON pd=UNITY_NO_LINEAR_COLORSPACE UNITY_ENABLE_REFLECTION_BUFFERS UNITY_PBS_USE_BRDF1 UNITY_SPECCUBE_BOX_PROJECTION UNITY_SPECCUBE_BLENDING SHADER_API_MOBILE ok=1
Cmd: disassembleShader
  api=13 insize=4446 outsize=8250 ok=1
Cmd: compileSnippet
  api=4 type=1 insize=7400 outsize=974 kw=DIRECTIONAL SHADOWS_SCREEN LIGHTMAP_OFF DYNAMICLIGHTMAP_OFF pd=UNITY_ENABLE_REFLECTION_BUFFERS UNITY_PBS_USE_BRDF1 UNITY_SPECCUBE_BOX_PROJECTION UNITY_SPECCUBE_BLENDING ok=1
Cmd: disassembleShader
  api=17 insize=974 outsize=2107 ok=1
Cmd: compileSnippet
  api=4 type=0 insize=4220 outsize=1386 kw=SPOT pd=UNITY_ENABLE_REFLECTION_BUFFERS UNITY_PBS_USE_BRDF1 UNITY_SPECCUBE_BOX_PROJECTION UNITY_SPECCUBE_BLENDING ok=1
Cmd: disassembleShader
  api=15 insize=1386 outsize=2524 ok=1
Cmd: compileSnippet
  api=1 type=0 insize=4220 outsize=704 kw=DIRECTIONAL_COOKIE pd=UNITY_ENABLE_REFLECTION_BUFFERS UNITY_PBS_USE_BRDF1 UNITY_SPECCUBE_BOX_PROJECTION UNITY_SPECCUBE_BLENDING ok=1
Cmd: disassembleShader
  api=10 insize=704 outsize=1189 ok=1
Cmd: compileSnippet
  api=4 type=1 insize=4220 outsize=746 kw=DIRECTIONAL pd=UNITY_ENABLE_REFLECTION_BUFFERS UNITY_PBS_USE_BRDF1 UNITY_SPECCUBE_BOX_PROJECTION UNITY_SPECCUBE_BLENDING ok=1
Cmd: disassembleShader
  api=17 insize=746 outsize=1652 ok=1
Cmd: compileSnippet
  api=4 type=1 insize=4220 outsize=994 kw=DIRECTIONAL_COOKIE pd=UNITY_ENABLE_REFLECTION_BUFFERS UNITY_PBS_USE_BRDF1 UNITY_SPECCUBE_BOX_PROJECTION UNITY_SPECCUBE_BLENDING ok=1
Cmd: disassembleShader
  api=17 insize=994 outsize=2030 ok=1
Cmd: compileSnippet
  api=8 type=0 insize=6574 outsize=3290 kw=LIGHTMAP_OFF DYNAMICLIGHTMAP_OFF UNITY_HDR_ON pd=UNITY_NO_LINEAR_COLORSPACE UNITY_ENABLE_REFLECTION_BUFFERS UNITY_PBS_USE_BRDF1 UNITY_SPECCUBE_BOX_PROJECTION UNITY_SPECCUBE_BLENDING SHADER_API_MOBILE ok=1
Cmd: disassembleShader
  api=13 insize=3290 outsize=6459 ok=1
Cmd: compileSnippet
  api=1 type=0 insize=6311 outsize=1424 kw=LIGHTMAP_OFF DYNAMICLIGHTMAP_OFF pd=UNITY_ENABLE_REFLECTION_BUFFERS UNITY_PBS_USE_BRDF1 UNITY_SPECCUBE_BOX_PROJECTION UNITY_SPECCUBE_BLENDING ok=1
Cmd: disassembleShader
  api=10 insize=1424 outsize=2482 ok=1
Cmd: compileSnippet
  api=4 type=1 insize=6311 outsize=958 kw=LIGHTMAP_OFF DYNAMICLIGHTMAP_OFF UNITY_HDR_ON pd=UNITY_ENABLE_REFLECTION_BUFFERS UNITY_PBS_USE_BRDF1 UNITY_SPECCUBE_BOX_PROJECTION UNITY_SPECCUBE_BLENDING ok=1
Cmd: disassembleShader
  api=17 insize=958 outsize=2174 ok=1
Cmd: compileSnippet
  api=1 type=1 insize=3346 outsize=304 kw=SHADOWS_DEPTH pd=UNITY_ENABLE_REFLECTION_BUFFERS UNITY_PBS_USE_BRDF1 UNITY_SPECCUBE_BOX_PROJECTION UNITY_SPECCUBE_BLENDING ok=1
Cmd: disassembleShader
  api=12 insize=304 outsize=511 ok=1
Cmd: disassembleShader
  api=15 insize=2162 outsize=3655 ok=1
Cmd: disassembleShader
  api=13 insize=4166 outsize=7691 ok=1
Cmd: disassembleShader
  api=12 insize=580 outsize=989 ok=1
Cmd: disassembleShader
  api=10 insize=704 outsize=1189 ok=1
Cmd: disassembleShader
  api=13 insize=1958 outsize=4147 ok=1
Cmd: disassembleShader
  api=17 insize=746 outsize=1652 ok=1
Cmd: disassembleShader
  api=12 insize=764 outsize=1237 ok=1
Cmd: disassembleShader
  api=13 insize=1894 outsize=4046 ok=1
Cmd: disassembleShader
  api=13 insize=3290 outsize=6459 ok=1
Cmd: disassembleShader
  api=14 insize=1218 outsize=3160 ok=1
Cmd: disassembleShader
  api=10 insize=1424 outsize=2482 ok=1
Cmd: disassembleShader
  api=14 insize=1314 outsize=3367 ok=1
Cmd: disassembleShader
  api=17 insize=670 outsize=1517 ok=1
Cmd: compileSnippet
  api=1 type=1 insize=1367 outsize=684 kw=DUMMY pd=UNITY_ENABLE_REFLECTION_BUFFERS UNITY_PBS_USE_BRDF1 UNITY_SPECCUBE_BOX_PROJECTION UNITY_SPECCUBE_BLENDING ok=1
Cmd: disassembleShader
  api=12 insize=684 outsize=1057 ok=1
Cmd: disassembleShader
  api=12 insize=684 outsize=1057 ok=1
