Base path: C:/Program Files/Unity/Editor/Data
Cmd: getPlatforms
Cmd: compileSnippet
  api=1 type=0 insize=7400 outsize=2048 kw=DIRECTIONAL LIGHTMAP_OFF DYNAMICLIGHTMAP_OFF VERTEXLIGHT_ON pd=UNITY_ENABLE_REFLECTION_BUFFERS UNITY_PBS_USE_BRDF1 UNITY_SPECCUBE_BOX_PROJECTION UNITY_SPECCUBE_BLENDING ok=1
Cmd: disassembleShader
  api=10 insize=2048 outsize=3432 ok=1
Cmd: compileSnippet
  api=1 type=0 insize=4220 outsize=704 kw=POINT pd=UNITY_ENABLE_REFLECTION_BUFFERS UNITY_PBS_USE_BRDF1 UNITY_SPECCUBE_BOX_PROJECTION UNITY_SPECCUBE_BLENDING ok=1
Cmd: disassembleShader
  api=10 insize=704 outsize=1189 ok=1
Cmd: compileSnippet
  api=4 type=0 insize=4220 outsize=1386 kw=POINT_COOKIE pd=UNITY_ENABLE_REFLECTION_BUFFERS UNITY_PBS_USE_BRDF1 UNITY_SPECCUBE_BOX_PROJECTION UNITY_SPECCUBE_BLENDING ok=1
Cmd: disassembleShader
  api=15 insize=1386 outsize=2524 ok=1
Cmd: compileSnippet
  api=1 type=1 insize=4220 outsize=1008 kw=SPOT pd=UNITY_ENABLE_REFLECTION_BUFFERS UNITY_PBS_USE_BRDF1 UNITY_SPECCUBE_BOX_PROJECTION UNITY_SPECCUBE_BLENDING ok=1
Cmd: disassembleShader
  api=12 insize=1008 outsize=1563 ok=1
Cmd: compileSnippet
  api=8 type=1 insize=4220 outsize=1786 kw=POINT_COOKIE pd=UNITY_NO_LINEAR_COLORSPACE UNITY_ENABLE_REFLECTION_BUFFERS UNITY_PBS_USE_BRDF1 UNITY_SPECCUBE_BOX_PROJECTION UNITY_SPECCUBE_BLENDING SHADER_API_MOBILE ok=1
Cmd: disassembleShader
  api=14 insize=1786 outsize=4087 ok=1
Cmd: compileSnippet
  api=1 type=0 insize=6574 outsize=1576 kw=LIGHTMAP_OFF DYNAMICLIGHTMAP_OFF pd=UNITY_ENABLE_REFLECTION_BUFFERS UNITY_PBS_USE_BRDF1 UNITY_SPECCUBE_BOX_PROJECTION UNITY_SPECCUBE_BLENDING ok=1
Cmd: disassembleShader
  api=10 insize=1576 outsize=2755 ok=1
Cmd: compileSnippet
  api=8 type=1 insize=6574 outsize=1278 kw=LIGHTMAP_OFF DYNAMICLIGHTMAP_OFF pd=UNITY_NO_LINEAR_COLORSPACE UNITY_ENABLE_REFLECTION_BUFFERS UNITY_PBS_USE_BRDF1 UNITY_SPECCUBE_BOX_PROJECTION UNITY_SPECCUBE_BLENDING SHADER_API_MOBILE ok=1
Cmd: disassembleShader
  api=14 insize=1278 outsize=3272 ok=1
Cmd: compileSnippet
  api=8 type=1 insize=6311 outsize=1374 kw=LIGHTMAP_OFF DYNAMICLIGHTMAP_OFF pd=UNITY_NO_LINEAR_COLORSPACE UNITY_ENABLE_REFLECTION_BUFFERS UNITY_PBS_USE_BRDF1 UNITY_SPECCUBE_BOX_PROJECTION UNITY_SPECCUBE_BLENDING SHADER_API_MOBILE ok=1
Cmd: disassembleShader
  api=14 insize=1374 outsize=3481 ok=1
Cmd: compileSnippet
  api=4 type=0 insize=3346 outsize=982 kw=SHADOWS_CUBE pd=UNITY_ENABLE_REFLECTION_BUFFERS UNITY_PBS_USE_BRDF1 UNITY_SPECCUBE_BOX_PROJECTION UNITY_SPECCUBE_BLENDING ok=1
Cmd: disassembleShader
  api=15 insize=982 outsize=2113 ok=1
Cmd: compileSnippet
  api=8 type=1 insize=3346 outsize=926 kw=SHADOWS_CUBE pd=UNITY_NO_LINEAR_COLORSPACE UNITY_ENABLE_REFLECTION_BUFFERS UNITY_PBS_USE_BRDF1 UNITY_SPECCUBE_BOX_PROJECTION UNITY_SPECCUBE_BLENDING SHADER_API_MOBILE ok=1
Cmd: disassembleShader
  api=14 insize=926 outsize=2537 ok=1
Cmd: disassembleShader
  api=15 insize=2354 outsize=3986 ok=1
Cmd: disassembleShader
  api=15 insize=1386 outsize=2524 ok=1
Cmd: disassembleShader
  api=10 insize=704 outsize=1189 ok=1
Cmd: disassembleShader
  api=17 insize=1130 outsize=2192 ok=1
Cmd: disassembleShader
  api=17 insize=1222 outsize=2357 ok=1
Cmd: disassembleShader
  api=15 insize=2326 outsize=3922 ok=1
Cmd: disassembleShader
  api=17 insize=818 outsize=1870 ok=1
Cmd: disassembleShader
  api=15 insize=2230 outsize=3780 ok=1
Cmd: disassembleShader
  api=15 insize=2062 outsize=3330 ok=1
Cmd: compileSnippet
  api=4 type=0 insize=1367 outsize=742 kw=PIXELSNAP_ON pd=UNITY_ENABLE_REFLECTION_BUFFERS UNITY_PBS_USE_BRDF1 UNITY_SPECCUBE_BOX_PROJECTION UNITY_SPECCUBE_BLENDING ok=1
Cmd: disassembleShader
  api=15 insize=742 outsize=1523 ok=1
Cmd: disassembleShader
  api=15 insize=742 outsize=1523 ok=1
