Base path: C:/Program Files/Unity/Editor/Data
Cmd: getPlatforms
Cmd: compileSnippet
  api=8 type=0 insize=995 outsize=754 kw= pd=UNITY_NO_LINEAR_COLORSPACE UNITY_ENABLE_REFLECTION_BUFFERS UNITY_PBS_USE_BRDF1 UNITY_SPECCUBE_BOX_PROJECTION UNITY_SPECCUBE_BLENDING SHADER_API_MOBILE ok=1
Cmd: disassembleShader
  api=13 insize=754 outsize=2118 ok=1
Cmd: disassembleShader
  api=15 insize=2162 outsize=3655 ok=1
Cmd: compileSnippet
  api=8 type=0 insize=7400 outsize=4166 kw=DIRECTIONAL LIGHTMAP_OFF DYNAMICLIGHTMAP_OFF VERTEXLIGHT_ON pd=UNITY_NO_LINEAR_COLORSPACE UNITY_ENABLE_REFLECTION_BUFFERS UNITY_PBS_USE_BRDF1 UNITY_SPECCUBE_BOX_PROJECTION UNITY_SPECCUBE_BLENDING SHADER_API_MOBILE ok=1
Cmd: disassembleShader
  api=13 insize=4166 outsize=7691 ok=1
Cmd: disassembleShader
  api=17 insize=818 outsize=1799 ok=1
Cmd: compileSnippet
  api=4 type=0 insize=4220 outsize=1386 kw=DIRECTIONAL pd=UNITY_ENABLE_REFLECTION_BUFFERS UNITY_PBS_USE_BRDF1 UNITY_SPECCUBE_BOX_PROJECTION UNITY_SPECCUBE_BLENDING ok=1
Cmd: disassembleShader
  api=15 insize=1386 outsize=2522 ok=1
Cmd: compileSnippet
  api=4 type=0 insize=4220 outsize=1386 kw=DIRECTIONAL_COOKIE pd=UNITY_ENABLE_REFLECTION_BUFFERS UNITY_PBS_USE_BRDF1 UNITY_SPECCUBE_BOX_PROJECTION UNITY_SPECCUBE_BLENDING ok=1
Cmd: disassembleShader
  api=15 insize=1386 outsize=2524 ok=1
Cmd: compileSnippet
  api=8 type=1 insize=4220 outsize=1634 kw=POINT pd=UNITY_NO_LINEAR_COLORSPACE UNITY_ENABLE_REFLECTION_BUFFERS UNITY_PBS_USE_BRDF1 UNITY_SPECCUBE_BOX_PROJECTION UNITY_SPECCUBE_BLENDING SHADER_API_MOBILE ok=1
Cmd: disassembleShader
  api=14 insize=1634 outsize=3765 ok=1
Cmd: compileSnippet
  api=1 type=1 insize=4220 outsize=764 kw=DIRECTIONAL_COOKIE pd=UNITY_ENABLE_REFLECTION_BUFFERS UNITY_PBS_USE_BRDF1 UNITY_SPECCUBE_BOX_PROJECTION UNITY_SPECCUBE_BLENDING ok=1
Cmd: disassembleShader
  api=12 insize=764 outsize=1237 ok=1
Cmd: compileSnippet
  api=1 type=1 insize=3538 outsize=324 kw= pd=UNITY_ENABLE_REFLECTION_BUFFERS UNITY_PBS_USE_BRDF1 UNITY_SPECCUBE_BOX_PROJECTION UNITY_SPECCUBE_BLENDING ok=1
Cmd: disassembleShader
  api=12 insize=324 outsize=561 ok=1
Cmd: compileSnippet
  api=8 type=0 insize=6574 outsize=3290 kw=LIGHTMAP_OFF DYNAMICLIGHTMAP_OFF pd=UNITY_NO_LINEAR_COLORSPACE UNITY_ENABLE_REFLECTION_BUFFERS UNITY_PBS_USE_BRDF1 UNITY_SPECCUBE_BOX_PROJECTION UNITY_SPECCUBE_BLENDING SHADER_API_MOBILE ok=1
Cmd: disassembleShader
  api=13 insize=3290 outsize=6459 ok=1
Cmd: disassembleShader
  api=15 insize=2230 outsize=3780 ok=1
Cmd: compileSnippet
  api=1 type=1 insize=6311 outsize=476 kw=LIGHTMAP_OFF DYNAMICLIGHTMAP_OFF UNITY_HDR_ON pd=UNITY_ENABLE_REFLECTION_BUFFERS UNITY_PBS_USE_BRDF1 UNITY_SPECCUBE_BOX_PROJECTION UNITY_SPECCUBE_BLENDING ok=1
Cmd: disassembleShader
  api=12 insize=476 outsize=801 ok=1
Cmd: compileSnippet
  api=8 type=0 insize=3346 outsize=3038 kw=SHADOWS_DEPTH pd=UNITY_NO_LINEAR_COLORSPACE UNITY_ENABLE_REFLECTION_BUFFERS UNITY_PBS_USE_BRDF1 UNITY_SPECCUBE_BOX_PROJECTION UNITY_SPECCUBE_BLENDING SHADER_API_MOBILE ok=1
Cmd: disassembleShader
  api=13 insize=3038 outsize=5818 ok=1
Cmd: disassembleShader
  api=10 insize=2048 outsize=3432 ok=1
Cmd: disassembleShader
  api=12 insize=692 outsize=1148 ok=1
Cmd: disassembleShader
  api=15 insize=1386 outsize=2524 ok=1
Cmd: disassembleShader
  api=12 insize=844 outsize=1327 ok=1
Cmd: disassembleShader
  api=14 insize=1978 outsize=4348 ok=1
Cmd: disassembleShader
  api=15 insize=1342 outsize=2467 ok=1
Cmd: disassembleShader
  api=10 insize=1576 outsize=2755 ok=1
Cmd: disassembleShader
  api=17 insize=842 outsize=1897 ok=1
Cmd: disassembleShader
  api=13 insize=3078 outsize=6046 ok=1
Cmd: disassembleShader
  api=17 insize=982 outsize=2201 ok=1
Cmd: disassembleShader
  api=13 insize=1342 outsize=3357 ok=1
Cmd: disassembleShader
  api=12 insize=304 outsize=511 ok=1
Cmd: disassembleShader
  api=15 insize=530 outsize=1210 ok=1
Cmd: compileSnippet
  api=4 type=1 insize=1367 outsize=734 kw=PIXELSNAP_ON pd=UNITY_ENABLE_REFLECTION_BUFFERS UNITY_PBS_USE_BRDF1 UNITY_SPECCUBE_BOX_PROJECTION UNITY_SPECCUBE_BLENDING ok=1
Cmd: disassembleShader
  api=17 insize=734 outsize=1441 ok=1
Cmd: disassembleShader
  api=13 insize=1174 outsize=2860 ok=1
Cmd: disassembleShader
  api=17 insize=734 outsize=1441 ok=1
