Base path: C:/Program Files/Unity/Editor/Data
Cmd: getPlatforms
Cmd: disassembleShader
  api=15 insize=522 outsize=1199 ok=1
Cmd: compileSnippet
  api=8 type=0 insize=7400 outsize=3278 kw=DIRECTIONAL SHADOWS_SCREEN LIGHTMAP_OFF DYNAMICLIGHTMAP_OFF pd=UNITY_NO_LINEAR_COLORSPACE UNITY_ENABLE_REFLECTION_BUFFERS UNITY_PBS_USE_BRDF1 UNITY_SPECCUBE_BOX_PROJECTION UNITY_SPECCUBE_BLENDING SHADER_API_MOBILE ok=1
Cmd: disassembleShader
  api=13 insize=3278 outsize=6455 ok=1
Cmd: compileSnippet
  api=1 type=1 insize=7400 outsize=580 kw=DIRECTIONAL LIGHTMAP_OFF DYNAMICLIGHTMAP_OFF pd=UNITY_ENABLE_REFLECTION_BUFFERS UNITY_PBS_USE_BRDF1 UNITY_SPECCUBE_BOX_PROJECTION UNITY_SPECCUBE_BLENDING ok=1
Cmd: disassembleShader
  api=12 insize=580 outsize=989 ok=1
Cmd: compileSnippet
  api=1 type=0 insize=4220 outsize=704 kw=DIRECTIONAL pd=UNITY_ENABLE_REFLECTION_BUFFERS UNITY_PBS_USE_BRDF1 UNITY_SPECCUBE_BOX_PROJECTION UNITY_SPECCUBE_BLENDING ok=1
Cmd: disassembleShader
  api=10 insize=704 outsize=1189 ok=1
Cmd: compileSnippet
  api=8 type=0 insize=4220 outsize=1958 kw=POINT_COOKIE pd=UNITY_NO_LINEAR_COLORSPACE UNITY_ENABLE_REFLECTION_BUFFERS UNITY_PBS_USE_BRDF1 UNITY_SPECCUBE_BOX_PROJECTION UNITY_SPECCUBE_BLENDING SHADER_API_MOBILE ok=1
Cmd: disassembleShader
  api=13 insize=1958 outsize=4147 ok=1
Cmd: compileSnippet
  api=8 type=1 insize=4220 outsize=1074 kw=DIRECTIONAL pd=UNITY_NO_LINEAR_COLORSPACE UNITY_ENABLE_REFLECTION_BUFFERS UNITY_PBS_USE_BRDF1 UNITY_SPECCUBE_BOX_PROJECTION UNITY_SPECCUBE_BLENDING SHADER_API_MOBILE ok=1
Cmd: disassembleShader
  api=14 insize=1074 outsize=2866 ok=1
Cmd: compileSnippet
  api=8 type=0 insize=3538 outsize=1894 kw= pd=UNITY_NO_LINEAR_COLORSPACE UNITY_ENABLE_REFLECTION_BUFFERS UNITY_PBS_USE_BRDF1 UNITY_SPECCUBE_BOX_PROJECTION UNITY_SPECCUBE_BLENDING SHADER_API_MOBILE ok=1
Cmd: disassembleShader
  api=13 insize=1894 outsize=4046 ok=1
Cmd: compileSnippet
  api=1 type=0 insize=6574 outsize=1576 kw=LIGHTMAP_OFF DYNAMICLIGHTMAP_OFF UNITY_HDR_ON pd=UNITY_ENABLE_REFLECTION_BUFFERS UNITY_PBS_USE_BRDF1 UNITY_SPECCUBE_BOX_PROJECTION UNITY_SPECCUBE_BLENDING ok=1
Cmd: disassembleShader
  api=10 insize=1576 outsize=2755 ok=1
Cmd: compileSnippet
  api=4 type=1 insize=6574 outsize=818 kw=LIGHTMAP_OFF DYNAMICLIGHTMAP_OFF UNITY_HDR_ON pd=UNITY_ENABLE_REFLECTION_BUFFERS UNITY_PBS_USE_BRDF1 UNITY_SPECCUBE_BOX_PROJECTION UNITY_SPECCUBE_BLENDING ok=1
Cmd: disassembleShader
  api=17 insize=818 outsize=1870 ok=1
Cmd: compileSnippet
  api=4 type=0 insize=6311 outsize=2230 kw=LIGHTMAP_OFF DYNAMICLIGHTMAP_OFF UNITY_HDR_ON pd=UNITY_ENABLE_REFLECTION_BUFFERS UNITY_PBS_USE_BRDF1 UNITY_SPECCUBE_BOX_PROJECTION UNITY_SPECCUBE_BLENDING ok=1
Cmd: disassembleShader
  api=15 insize=2230 outsize=3780 ok=1
Cmd: compileSnippet
  api=8 type=1 insize=6311 outsize=1314 kw=LIGHTMAP_OFF DYNAMICLIGHTMAP_OFF UNITY_HDR_ON pd=UNITY_NO_LINEAR_COLORSPACE UNITY_ENABLE_REFLECTION_BUFFERS UNITY_PBS_USE_BRDF1 UNITY_SPECCUBE_BOX_PROJECTION UNITY_SPECCUBE_BLENDING SHADER_API_MOBILE ok=1
Cmd: disassembleShader
  api=14 insize=1314 outsize=3367 ok=1
Cmd: compileSnippet
  api=8 type=0 insize=3346 outsize=1342 kw=SHADOWS_CUBE pd=UNITY_NO_LINEAR_COLORSPACE UNITY_ENABLE_REFLECTION_BUFFERS UNITY_PBS_USE_BRDF1 UNITY_SPECCUBE_BOX_PROJECTION UNITY_SPECCUBE_BLENDING SHADER_API_MOBILE ok=1
Cmd: disassembleShader
  api=13 insize=1342 outsize=3357 ok=1
Cmd: disassembleShader
  api=10 insize=1400 outsize=2443 ok=1
Cmd: disassembleShader
  api=10 insize=2224 outsize=3751 ok=1
Cmd: disassembleShader
  api=14 insize=1178 outsize=3074 ok=1
Cmd: disassembleShader
  api=10 insize=704 outsize=1189 ok=1
Cmd: disassembleShader
  api=13 insize=1958 outsize=4147 ok=1
Cmd: disassembleShader
  api=12 insize=1008 outsize=1563 ok=1
Cmd: disassembleShader
  api=14 insize=1454 outsize=3513 ok=1
Cmd: disassembleShader
  api=12 insize=324 outsize=561 ok=1
Cmd: disassembleShader
  api=13 insize=3290 outsize=6459 ok=1
Cmd: disassembleShader
  api=10 insize=1424 outsize=2482 ok=1
Cmd: disassembleShader
  api=10 insize=1132 outsize=1912 ok=1
Cmd: disassembleShader
  api=14 insize=706 outsize=2002 ok=1
Cmd: compileSnippet
  api=1 type=0 insize=1367 outsize=588 kw=PIXELSNAP_ON pd=UNITY_ENABLE_REFLECTION_BUFFERS UNITY_PBS_USE_BRDF1 UNITY_SPECCUBE_BOX_PROJECTION UNITY_SPECCUBE_BLENDING ok=1
Cmd: disassembleShader
  api=10 insize=588 outsize=964 ok=1
Cmd: compileSnippet
  api=1 type=1 insize=1367 outsize=684 kw=PIXELSNAP_ON pd=UNITY_ENABLE_REFLECTION_BUFFERS UNITY_PBS_USE_BRDF1 UNITY_SPECCUBE_BOX_PROJECTION UNITY_SPECCUBE_BLENDING ok=1
Cmd: disassembleShader
  api=12 insize=684 outsize=1057 ok=1
Cmd: disassembleShader
  api=13 insize=766 outsize=2135 ok=1
Cmd: disassembleShader
  api=12 insize=684 outsize=1057 ok=1
