Base path: C:/Program Files/Unity/Editor/Data
Cmd: getPlatforms
Cmd: compileSnippet
  api=1 type=0 insize=7400 outsize=1576 kw=DIRECTIONAL SHADOWS_SCREEN LIGHTMAP_OFF DYNAMICLIGHTMAP_OFF pd=UNITY_ENABLE_REFLECTION_BUFFERS UNITY_PBS_USE_BRDF1 UNITY_SPECCUBE_BOX_PROJECTION UNITY_SPECCUBE_BLENDING ok=1
Cmd: disassembleShader
  api=10 insize=1576 outsize=2762 ok=1
Cmd: disassembleShader
  api=15 insize=1386 outsize=2524 ok=1
Cmd: compileSnippet
  api=8 type=0 insize=4220 outsize=1958 kw=SPOT pd=UNITY_NO_LINEAR_COLORSPACE UNITY_ENABLE_REFLECTION_BUFFERS UNITY_PBS_USE_BRDF1 UNITY_SPECCUBE_BOX_PROJECTION UNITY_SPECCUBE_BLENDING SHADER_API_MOBILE ok=1
Cmd: disassembleShader
  api=13 insize=1958 outsize=4147 ok=1
Cmd: disassembleShader
  api=17 insize=1130 outsize=2192 ok=1
Cmd: compileSnippet
  api=8 type=1 insize=4220 outsize=1978 kw=SPOT pd=UNITY_NO_LINEAR_COLORSPACE UNITY_ENABLE_REFLECTION_BUFFERS UNITY_PBS_USE_BRDF1 UNITY_SPECCUBE_BOX_PROJECTION UNITY_SPECCUBE_BLENDING SHADER_API_MOBILE ok=1
Cmd: disassembleShader
  api=14 insize=1978 outsize=4348 ok=1
Cmd: disassembleShader
  api=15 insize=1342 outsize=2467 ok=1
Cmd: compileSnippet
  api=4 type=0 insize=6574 outsize=2326 kw=LIGHTMAP_OFF DYNAMICLIGHTMAP_OFF UNITY_HDR_ON pd=UNITY_ENABLE_REFLECTION_BUFFERS UNITY_PBS_USE_BRDF1 UNITY_SPECCUBE_BOX_PROJECTION UNITY_SPECCUBE_BLENDING ok=1
Cmd: disassembleShader
  api=15 insize=2326 outsize=3922 ok=1
Cmd: compileSnippet
  api=8 type=1 insize=6574 outsize=1218 kw=LIGHTMAP_OFF DYNAMICLIGHTMAP_OFF UNITY_HDR_ON pd=UNITY_NO_LINEAR_COLORSPACE UNITY_ENABLE_REFLECTION_BUFFERS UNITY_PBS_USE_BRDF1 UNITY_SPECCUBE_BOX_PROJECTION UNITY_SPECCUBE_BLENDING SHADER_API_MOBILE ok=1
Cmd: disassembleShader
  api=14 insize=1218 outsize=3160 ok=1
Cmd: compileSnippet
  api=8 type=0 insize=6311 outsize=3078 kw=LIGHTMAP_OFF DYNAMICLIGHTMAP_OFF UNITY_HDR_ON pd=UNITY_NO_LINEAR_COLORSPACE UNITY_ENABLE_REFLECTION_BUFFERS UNITY_PBS_USE_BRDF1 UNITY_SPECCUBE_BOX_PROJECTION UNITY_SPECCUBE_BLENDING SHADER_API_MOBILE ok=1
Cmd: disassembleShader
  api=13 insize=3078 outsize=6046 ok=1
Cmd: compileSnippet
  api=8 type=1 insize=3346 outsize=706 kw=SHADOWS_DEPTH pd=UNITY_NO_LINEAR_COLORSPACE UNITY_ENABLE_REFLECTION_BUFFERS UNITY_PBS_USE_BRDF1 UNITY_SPECCUBE_BOX_PROJECTION UNITY_SPECCUBE_BLENDING SHADER_API_MOBILE ok=1
Cmd: disassembleShader
  api=14 insize=706 outsize=2002 ok=1
Cmd: disassembleShader
  api=13 insize=2998 outsize=5896 ok=1
Cmd: disassembleShader
  api=15 insize=3070 outsize=4927 ok=1
Cmd: disassembleShader
  api=17 insize=818 outsize=1799 ok=1
Cmd: disassembleShader
  api=15 insize=1386 outsize=2522 ok=1
Cmd: disassembleShader
  api=15 insize=1386 outsize=2524 ok=1
Cmd: disassembleShader
  api=17 insize=1374 outsize=2557 ok=1
Cmd: disassembleShader
  api=10 insize=652 outsize=1093 ok=1
Cmd: disassembleShader
  api=17 insize=606 outsize=1424 ok=1
Cmd: disassembleShader
  api=12 insize=552 outsize=870 ok=1
Cmd: disassembleShader
  api=13 insize=3078 outsize=6046 ok=1
Cmd: disassembleShader
  api=17 insize=958 outsize=2174 ok=1
Cmd: disassembleShader
  api=15 insize=982 outsize=2113 ok=1
Cmd: disassembleShader
  api=12 insize=448 outsize=782 ok=1
Cmd: disassembleShader
  api=17 insize=734 outsize=1441 ok=1
Cmd: disassembleShader
  api=15 insize=530 outsize=1210 ok=1
Cmd: disassembleShader
  api=14 insize=1142 outsize=2679 ok=1
