Base path: C:/Program Files/Unity/Editor/Data
Cmd: getPlatforms
Cmd: compileSnippet
  api=8 type=0 insize=7400 outsize=2998 kw=DIRECTIONAL LIGHTMAP_OFF DYNAMICLIGHTMAP_OFF pd=UNITY_NO_LINEAR_COLORSPACE UNITY_ENABLE_REFLECTION_BUFFERS UNITY_PBS_USE_BRDF1 UNITY_SPECCUBE_BOX_PROJECTION UNITY_SPECCUBE_BLENDING SHADER_API_MOBILE ok=1
Cmd: disassembleShader
  api=13 insize=2998 outsize=5896 ok=1
Cmd: compileSnippet
  api=8 type=1 insize=7400 outsize=1422 kw=DIRECTIONAL SHADOWS_SCREEN LIGHTMAP_OFF DYNAMICLIGHTMAP_OFF pd=UNITY_NO_LINEAR_COLORSPACE UNITY_ENABLE_REFLECTION_BUFFERS UNITY_PBS_USE_BRDF1 UNITY_SPECCUBE_BOX_PROJECTION UNITY_SPECCUBE_BLENDING SHADER_API_MOBILE ok=1
Cmd: disassembleShader
  api=14 insize=1422 outsize=3575 ok=1
Cmd: compileSnippet
  api=8 type=0 insize=4220 outsize=1958 kw=DIRECTIONAL pd=UNITY_NO_LINEAR_COLORSPACE UNITY_ENABLE_REFLECTION_BUFFERS UNITY_PBS_USE_BRDF1 UNITY_SPECCUBE_BOX_PROJECTION UNITY_SPECCUBE_BLENDING SHADER_API_MOBILE ok=1
Cmd: disassembleShader
  api=13 insize=1958 outsize=4145 ok=1
Cmd: compileSnippet
  api=1 type=1 insize=4220 outsize=844 kw=POINT pd=UNITY_ENABLE_REFLECTION_BUFFERS UNITY_PBS_USE_BRDF1 UNITY_SPECCUBE_BOX_PROJECTION UNITY_SPECCUBE_BLENDING ok=1
Cmd: disassembleShader
  api=12 insize=844 outsize=1327 ok=1
Cmd: compileSnippet
  api=8 type=1 insize=4220 outsize=1454 kw=DIRECTIONAL_COOKIE pd=UNITY_NO_LINEAR_COLORSPACE UNITY_ENABLE_REFLECTION_BUFFERS UNITY_PBS_USE_BRDF1 UNITY_SPECCUBE_BOX_PROJECTION UNITY_SPECCUBE_BLENDING SHADER_API_MOBILE ok=1
Cmd: disassembleShader
  api=14 insize=1454 outsize=3513 ok=1
Cmd: disassembleShader
  api=17 insize=606 outsize=1424 ok=1
Cmd: compileSnippet
  api=1 type=1 insize=6574 outsize=552 kw=LIGHTMAP_OFF DYNAMICLIGHTMAP_OFF pd=UNITY_ENABLE_REFLECTION_BUFFERS UNITY_PBS_USE_BRDF1 UNITY_SPECCUBE_BOX_PROJECTION UNITY_SPECCUBE_BLENDING ok=1
Cmd: disassembleShader
  api=12 insize=552 outsize=870 ok=1
Cmd: disassembleShader
  api=17 insize=982 outsize=2201 ok=1
Cmd: compileSnippet
  api=1 type=0 insize=3346 outsize=568 kw=SHADOWS_CUBE pd=UNITY_ENABLE_REFLECTION_BUFFERS UNITY_PBS_USE_BRDF1 UNITY_SPECCUBE_BOX_PROJECTION UNITY_SPECCUBE_BLENDING ok=1
Cmd: disassembleShader
  api=10 insize=568 outsize=953 ok=1
Cmd: compileSnippet
  api=4 type=1 insize=3346 outsize=670 kw=SHADOWS_CUBE pd=UNITY_ENABLE_REFLECTION_BUFFERS UNITY_PBS_USE_BRDF1 UNITY_SPECCUBE_BOX_PROJECTION UNITY_SPECCUBE_BLENDING ok=1
Cmd: disassembleShader
  api=17 insize=670 outsize=1517 ok=1
Cmd: disassembleShader
  api=15 insize=2878 outsize=4596 ok=1
Cmd: disassembleShader
  api=13 insize=1958 outsize=4147 ok=1
Cmd: disassembleShader
  api=15 insize=1386 outsize=2524 ok=1
Cmd: disassembleShader
  api=12 insize=548 outsize=915 ok=1
Cmd: disassembleShader
  api=14 insize=1786 outsize=4087 ok=1
Cmd: disassembleShader
  api=10 insize=1576 outsize=2755 ok=1
Cmd: disassembleShader
  api=12 insize=516 outsize=802 ok=1
Cmd: disassembleShader
  api=12 insize=476 outsize=801 ok=1
Cmd: disassembleShader
  api=17 insize=522 outsize=1218 ok=1
Cmd: compileSnippet
  api=8 type=0 insize=1367 outsize=766 kw=DUMMY pd=UNITY_NO_LINEAR_COLORSPACE UNITY_ENABLE_REFLECTION_BUFFERS UNITY_PBS_USE_BRDF1 UNITY_SPECCUBE_BOX_PROJECTION UNITY_SPECCUBE_BLENDING SHADER_API_MOBILE ok=1
Cmd: disassembleShader
  api=13 insize=766 outsize=2135 ok=1
Cmd: compileSnippet
  api=8 type=1 insize=1367 outsize=1142 kw=PIXELSNAP_ON pd=UNITY_NO_LINEAR_COLORSPACE UNITY_ENABLE_REFLECTION_BUFFERS UNITY_PBS_USE_BRDF1 UNITY_SPECCUBE_BOX_PROJECTION UNITY_SPECCUBE_BLENDING SHADER_API_MOBILE ok=1
Cmd: disassembleShader
  api=14 insize=1142 outsize=2679 ok=1
Cmd: disassembleShader
  api=17 insize=734 outsize=1441 ok=1
